
AVRASM ver. 2.1.30  D:\4_HOC_AVR\CODEVISION\BTL_DOLUONG\New folder\List\a.asm Thu Apr 25 13:31:50 2013

D:\4_HOC_AVR\CODEVISION\BTL_DOLUONG\New folder\List\a.asm(1059): warning: Register r5 already defined by the .DEF directive
D:\4_HOC_AVR\CODEVISION\BTL_DOLUONG\New folder\List\a.asm(1060): warning: Register r4 already defined by the .DEF directive
D:\4_HOC_AVR\CODEVISION\BTL_DOLUONG\New folder\List\a.asm(1061): warning: Register r7 already defined by the .DEF directive
                 
                 
                 ;CodeVisionAVR C Compiler V2.05.0 Professional
                 ;(C) Copyright 1998-2010 Pavel Haiduc, HP InfoTech s.r.l.
                 ;http://www.hpinfotech.com
                 
                 ;Chip type                : ATmega16
                 ;Program type             : Application
                 ;Clock frequency          : 8.000000 MHz
                 ;Memory model             : Small
                 ;Optimize for             : Size
                 ;(s)printf features       : int, width
                 ;(s)scanf features        : int, width
                 ;External RAM size        : 0
                 ;Data Stack size          : 256 byte(s)
                 ;Heap size                : 0 byte(s)
                 ;Promote 'char' to 'int'  : Yes
                 ;'char' is unsigned       : Yes
                 ;8 bit enums              : Yes
                 ;global 'const' stored in FLASH: No
                 ;Enhanced core instructions    : On
                 ;Smart register allocation     : On
                 ;Automatic register allocation : On
                 
                 	#pragma AVRPART ADMIN PART_NAME ATmega16
                 	#pragma AVRPART MEMORY PROG_FLASH 16384
                 	#pragma AVRPART MEMORY EEPROM 512
                 	#pragma AVRPART MEMORY INT_SRAM SIZE 1119
                 	#pragma AVRPART MEMORY INT_SRAM START_ADDR 0x60
                 
                 	#define CALL_SUPPORTED 1
                 
                 	.LISTMAC
                 	.EQU UDRE=0x5
                 	.EQU RXC=0x7
                 	.EQU USR=0xB
                 	.EQU UDR=0xC
                 	.EQU SPSR=0xE
                 	.EQU SPDR=0xF
                 	.EQU EERE=0x0
                 	.EQU EEWE=0x1
                 	.EQU EEMWE=0x2
                 	.EQU EECR=0x1C
                 	.EQU EEDR=0x1D
                 	.EQU EEARL=0x1E
                 	.EQU EEARH=0x1F
                 	.EQU WDTCR=0x21
                 	.EQU MCUCR=0x35
                 	.EQU GICR=0x3B
                 	.EQU SPL=0x3D
                 	.EQU SPH=0x3E
                 	.EQU SREG=0x3F
                 
                 	.DEF R0X0=R0
                 	.DEF R0X1=R1
                 	.DEF R0X2=R2
                 	.DEF R0X3=R3
                 	.DEF R0X4=R4
                 	.DEF R0X5=R5
                 	.DEF R0X6=R6
                 	.DEF R0X7=R7
                 	.DEF R0X8=R8
                 	.DEF R0X9=R9
                 	.DEF R0XA=R10
                 	.DEF R0XB=R11
                 	.DEF R0XC=R12
                 	.DEF R0XD=R13
                 	.DEF R0XE=R14
                 	.DEF R0XF=R15
                 	.DEF R0X10=R16
                 	.DEF R0X11=R17
                 	.DEF R0X12=R18
                 	.DEF R0X13=R19
                 	.DEF R0X14=R20
                 	.DEF R0X15=R21
                 	.DEF R0X16=R22
                 	.DEF R0X17=R23
                 	.DEF R0X18=R24
                 	.DEF R0X19=R25
                 	.DEF R0X1A=R26
                 	.DEF R0X1B=R27
                 	.DEF R0X1C=R28
                 	.DEF R0X1D=R29
                 	.DEF R0X1E=R30
                 	.DEF R0X1F=R31
                 
                 	.EQU __SRAM_START=0x0060
                 	.EQU __SRAM_END=0x045F
                 	.EQU __DSTACK_SIZE=0x0100
                 	.EQU __HEAP_SIZE=0x0000
                 	.EQU __CLEAR_SRAM_SIZE=__SRAM_END-__SRAM_START+1
                 
                 	.MACRO __CPD1N
                 	CPI  R30,LOW(@0)
                 	LDI  R26,HIGH(@0)
                 	CPC  R31,R26
                 	LDI  R26,BYTE3(@0)
                 	CPC  R22,R26
                 	LDI  R26,BYTE4(@0)
                 	CPC  R23,R26
                 	.ENDM
                 
                 	.MACRO __CPD2N
                 	CPI  R26,LOW(@0)
                 	LDI  R30,HIGH(@0)
                 	CPC  R27,R30
                 	LDI  R30,BYTE3(@0)
                 	CPC  R24,R30
                 	LDI  R30,BYTE4(@0)
                 	CPC  R25,R30
                 	.ENDM
                 
                 	.MACRO __CPWRR
                 	CP   R@0,R@2
                 	CPC  R@1,R@3
                 	.ENDM
                 
                 	.MACRO __CPWRN
                 	CPI  R@0,LOW(@2)
                 	LDI  R30,HIGH(@2)
                 	CPC  R@1,R30
                 	.ENDM
                 
                 	.MACRO __ADDB1MN
                 	SUBI R30,LOW(-@0-(@1))
                 	.ENDM
                 
                 	.MACRO __ADDB2MN
                 	SUBI R26,LOW(-@0-(@1))
                 	.ENDM
                 
                 	.MACRO __ADDW1MN
                 	SUBI R30,LOW(-@0-(@1))
                 	SBCI R31,HIGH(-@0-(@1))
                 	.ENDM
                 
                 	.MACRO __ADDW2MN
                 	SUBI R26,LOW(-@0-(@1))
                 	SBCI R27,HIGH(-@0-(@1))
                 	.ENDM
                 
                 	.MACRO __ADDW1FN
                 	SUBI R30,LOW(-2*@0-(@1))
                 	SBCI R31,HIGH(-2*@0-(@1))
                 	.ENDM
                 
                 	.MACRO __ADDD1FN
                 	SUBI R30,LOW(-2*@0-(@1))
                 	SBCI R31,HIGH(-2*@0-(@1))
                 	SBCI R22,BYTE3(-2*@0-(@1))
                 	.ENDM
                 
                 	.MACRO __ADDD1N
                 	SUBI R30,LOW(-@0)
                 	SBCI R31,HIGH(-@0)
                 	SBCI R22,BYTE3(-@0)
                 	SBCI R23,BYTE4(-@0)
                 	.ENDM
                 
                 	.MACRO __ADDD2N
                 	SUBI R26,LOW(-@0)
                 	SBCI R27,HIGH(-@0)
                 	SBCI R24,BYTE3(-@0)
                 	SBCI R25,BYTE4(-@0)
                 	.ENDM
                 
                 	.MACRO __SUBD1N
                 	SUBI R30,LOW(@0)
                 	SBCI R31,HIGH(@0)
                 	SBCI R22,BYTE3(@0)
                 	SBCI R23,BYTE4(@0)
                 	.ENDM
                 
                 	.MACRO __SUBD2N
                 	SUBI R26,LOW(@0)
                 	SBCI R27,HIGH(@0)
                 	SBCI R24,BYTE3(@0)
                 	SBCI R25,BYTE4(@0)
                 	.ENDM
                 
                 	.MACRO __ANDBMNN
                 	LDS  R30,@0+(@1)
                 	ANDI R30,LOW(@2)
                 	STS  @0+(@1),R30
                 	.ENDM
                 
                 	.MACRO __ANDWMNN
                 	LDS  R30,@0+(@1)
                 	ANDI R30,LOW(@2)
                 	STS  @0+(@1),R30
                 	LDS  R30,@0+(@1)+1
                 	ANDI R30,HIGH(@2)
                 	STS  @0+(@1)+1,R30
                 	.ENDM
                 
                 	.MACRO __ANDD1N
                 	ANDI R30,LOW(@0)
                 	ANDI R31,HIGH(@0)
                 	ANDI R22,BYTE3(@0)
                 	ANDI R23,BYTE4(@0)
                 	.ENDM
                 
                 	.MACRO __ANDD2N
                 	ANDI R26,LOW(@0)
                 	ANDI R27,HIGH(@0)
                 	ANDI R24,BYTE3(@0)
                 	ANDI R25,BYTE4(@0)
                 	.ENDM
                 
                 	.MACRO __ORBMNN
                 	LDS  R30,@0+(@1)
                 	ORI  R30,LOW(@2)
                 	STS  @0+(@1),R30
                 	.ENDM
                 
                 	.MACRO __ORWMNN
                 	LDS  R30,@0+(@1)
                 	ORI  R30,LOW(@2)
                 	STS  @0+(@1),R30
                 	LDS  R30,@0+(@1)+1
                 	ORI  R30,HIGH(@2)
                 	STS  @0+(@1)+1,R30
                 	.ENDM
                 
                 	.MACRO __ORD1N
                 	ORI  R30,LOW(@0)
                 	ORI  R31,HIGH(@0)
                 	ORI  R22,BYTE3(@0)
                 	ORI  R23,BYTE4(@0)
                 	.ENDM
                 
                 	.MACRO __ORD2N
                 	ORI  R26,LOW(@0)
                 	ORI  R27,HIGH(@0)
                 	ORI  R24,BYTE3(@0)
                 	ORI  R25,BYTE4(@0)
                 	.ENDM
                 
                 	.MACRO __DELAY_USB
                 	LDI  R24,LOW(@0)
                 __DELAY_USB_LOOP:
                 	DEC  R24
                 	BRNE __DELAY_USB_LOOP
                 	.ENDM
                 
                 	.MACRO __DELAY_USW
                 	LDI  R24,LOW(@0)
                 	LDI  R25,HIGH(@0)
                 __DELAY_USW_LOOP:
                 	SBIW R24,1
                 	BRNE __DELAY_USW_LOOP
                 	.ENDM
                 
                 	.MACRO __GETD1S
                 	LDD  R30,Y+@0
                 	LDD  R31,Y+@0+1
                 	LDD  R22,Y+@0+2
                 	LDD  R23,Y+@0+3
                 	.ENDM
                 
                 	.MACRO __GETD2S
                 	LDD  R26,Y+@0
                 	LDD  R27,Y+@0+1
                 	LDD  R24,Y+@0+2
                 	LDD  R25,Y+@0+3
                 	.ENDM
                 
                 	.MACRO __PUTD1S
                 	STD  Y+@0,R30
                 	STD  Y+@0+1,R31
                 	STD  Y+@0+2,R22
                 	STD  Y+@0+3,R23
                 	.ENDM
                 
                 	.MACRO __PUTD2S
                 	STD  Y+@0,R26
                 	STD  Y+@0+1,R27
                 	STD  Y+@0+2,R24
                 	STD  Y+@0+3,R25
                 	.ENDM
                 
                 	.MACRO __PUTDZ2
                 	STD  Z+@0,R26
                 	STD  Z+@0+1,R27
                 	STD  Z+@0+2,R24
                 	STD  Z+@0+3,R25
                 	.ENDM
                 
                 	.MACRO __CLRD1S
                 	STD  Y+@0,R30
                 	STD  Y+@0+1,R30
                 	STD  Y+@0+2,R30
                 	STD  Y+@0+3,R30
                 	.ENDM
                 
                 	.MACRO __POINTB1MN
                 	LDI  R30,LOW(@0+(@1))
                 	.ENDM
                 
                 	.MACRO __POINTW1MN
                 	LDI  R30,LOW(@0+(@1))
                 	LDI  R31,HIGH(@0+(@1))
                 	.ENDM
                 
                 	.MACRO __POINTD1M
                 	LDI  R30,LOW(@0)
                 	LDI  R31,HIGH(@0)
                 	LDI  R22,BYTE3(@0)
                 	LDI  R23,BYTE4(@0)
                 	.ENDM
                 
                 	.MACRO __POINTW1FN
                 	LDI  R30,LOW(2*@0+(@1))
                 	LDI  R31,HIGH(2*@0+(@1))
                 	.ENDM
                 
                 	.MACRO __POINTD1FN
                 	LDI  R30,LOW(2*@0+(@1))
                 	LDI  R31,HIGH(2*@0+(@1))
                 	LDI  R22,BYTE3(2*@0+(@1))
                 	LDI  R23,BYTE4(2*@0+(@1))
                 	.ENDM
                 
                 	.MACRO __POINTB2MN
                 	LDI  R26,LOW(@0+(@1))
                 	.ENDM
                 
                 	.MACRO __POINTW2MN
                 	LDI  R26,LOW(@0+(@1))
                 	LDI  R27,HIGH(@0+(@1))
                 	.ENDM
                 
                 	.MACRO __POINTBRM
                 	LDI  R@0,LOW(@1)
                 	.ENDM
                 
                 	.MACRO __POINTWRM
                 	LDI  R@0,LOW(@2)
                 	LDI  R@1,HIGH(@2)
                 	.ENDM
                 
                 	.MACRO __POINTBRMN
                 	LDI  R@0,LOW(@1+(@2))
                 	.ENDM
                 
                 	.MACRO __POINTWRMN
                 	LDI  R@0,LOW(@2+(@3))
                 	LDI  R@1,HIGH(@2+(@3))
                 	.ENDM
                 
                 	.MACRO __POINTWRFN
                 	LDI  R@0,LOW(@2*2+(@3))
                 	LDI  R@1,HIGH(@2*2+(@3))
                 	.ENDM
                 
                 	.MACRO __GETD1N
                 	LDI  R30,LOW(@0)
                 	LDI  R31,HIGH(@0)
                 	LDI  R22,BYTE3(@0)
                 	LDI  R23,BYTE4(@0)
                 	.ENDM
                 
                 	.MACRO __GETD2N
                 	LDI  R26,LOW(@0)
                 	LDI  R27,HIGH(@0)
                 	LDI  R24,BYTE3(@0)
                 	LDI  R25,BYTE4(@0)
                 	.ENDM
                 
                 	.MACRO __GETB1MN
                 	LDS  R30,@0+(@1)
                 	.ENDM
                 
                 	.MACRO __GETB1HMN
                 	LDS  R31,@0+(@1)
                 	.ENDM
                 
                 	.MACRO __GETW1MN
                 	LDS  R30,@0+(@1)
                 	LDS  R31,@0+(@1)+1
                 	.ENDM
                 
                 	.MACRO __GETD1MN
                 	LDS  R30,@0+(@1)
                 	LDS  R31,@0+(@1)+1
                 	LDS  R22,@0+(@1)+2
                 	LDS  R23,@0+(@1)+3
                 	.ENDM
                 
                 	.MACRO __GETBRMN
                 	LDS  R@0,@1+(@2)
                 	.ENDM
                 
                 	.MACRO __GETWRMN
                 	LDS  R@0,@2+(@3)
                 	LDS  R@1,@2+(@3)+1
                 	.ENDM
                 
                 	.MACRO __GETWRZ
                 	LDD  R@0,Z+@2
                 	LDD  R@1,Z+@2+1
                 	.ENDM
                 
                 	.MACRO __GETD2Z
                 	LDD  R26,Z+@0
                 	LDD  R27,Z+@0+1
                 	LDD  R24,Z+@0+2
                 	LDD  R25,Z+@0+3
                 	.ENDM
                 
                 	.MACRO __GETB2MN
                 	LDS  R26,@0+(@1)
                 	.ENDM
                 
                 	.MACRO __GETW2MN
                 	LDS  R26,@0+(@1)
                 	LDS  R27,@0+(@1)+1
                 	.ENDM
                 
                 	.MACRO __GETD2MN
                 	LDS  R26,@0+(@1)
                 	LDS  R27,@0+(@1)+1
                 	LDS  R24,@0+(@1)+2
                 	LDS  R25,@0+(@1)+3
                 	.ENDM
                 
                 	.MACRO __PUTB1MN
                 	STS  @0+(@1),R30
                 	.ENDM
                 
                 	.MACRO __PUTW1MN
                 	STS  @0+(@1),R30
                 	STS  @0+(@1)+1,R31
                 	.ENDM
                 
                 	.MACRO __PUTD1MN
                 	STS  @0+(@1),R30
                 	STS  @0+(@1)+1,R31
                 	STS  @0+(@1)+2,R22
                 	STS  @0+(@1)+3,R23
                 	.ENDM
                 
                 	.MACRO __PUTB1EN
                 	LDI  R26,LOW(@0+(@1))
                 	LDI  R27,HIGH(@0+(@1))
                 	CALL __EEPROMWRB
                 	.ENDM
                 
                 	.MACRO __PUTW1EN
                 	LDI  R26,LOW(@0+(@1))
                 	LDI  R27,HIGH(@0+(@1))
                 	CALL __EEPROMWRW
                 	.ENDM
                 
                 	.MACRO __PUTD1EN
                 	LDI  R26,LOW(@0+(@1))
                 	LDI  R27,HIGH(@0+(@1))
                 	CALL __EEPROMWRD
                 	.ENDM
                 
                 	.MACRO __PUTBR0MN
                 	STS  @0+(@1),R0
                 	.ENDM
                 
                 	.MACRO __PUTBMRN
                 	STS  @0+(@1),R@2
                 	.ENDM
                 
                 	.MACRO __PUTWMRN
                 	STS  @0+(@1),R@2
                 	STS  @0+(@1)+1,R@3
                 	.ENDM
                 
                 	.MACRO __PUTBZR
                 	STD  Z+@1,R@0
                 	.ENDM
                 
                 	.MACRO __PUTWZR
                 	STD  Z+@2,R@0
                 	STD  Z+@2+1,R@1
                 	.ENDM
                 
                 	.MACRO __GETW1R
                 	MOV  R30,R@0
                 	MOV  R31,R@1
                 	.ENDM
                 
                 	.MACRO __GETW2R
                 	MOV  R26,R@0
                 	MOV  R27,R@1
                 	.ENDM
                 
                 	.MACRO __GETWRN
                 	LDI  R@0,LOW(@2)
                 	LDI  R@1,HIGH(@2)
                 	.ENDM
                 
                 	.MACRO __PUTW1R
                 	MOV  R@0,R30
                 	MOV  R@1,R31
                 	.ENDM
                 
                 	.MACRO __PUTW2R
                 	MOV  R@0,R26
                 	MOV  R@1,R27
                 	.ENDM
                 
                 	.MACRO __ADDWRN
                 	SUBI R@0,LOW(-@2)
                 	SBCI R@1,HIGH(-@2)
                 	.ENDM
                 
                 	.MACRO __ADDWRR
                 	ADD  R@0,R@2
                 	ADC  R@1,R@3
                 	.ENDM
                 
                 	.MACRO __SUBWRN
                 	SUBI R@0,LOW(@2)
                 	SBCI R@1,HIGH(@2)
                 	.ENDM
                 
                 	.MACRO __SUBWRR
                 	SUB  R@0,R@2
                 	SBC  R@1,R@3
                 	.ENDM
                 
                 	.MACRO __ANDWRN
                 	ANDI R@0,LOW(@2)
                 	ANDI R@1,HIGH(@2)
                 	.ENDM
                 
                 	.MACRO __ANDWRR
                 	AND  R@0,R@2
                 	AND  R@1,R@3
                 	.ENDM
                 
                 	.MACRO __ORWRN
                 	ORI  R@0,LOW(@2)
                 	ORI  R@1,HIGH(@2)
                 	.ENDM
                 
                 	.MACRO __ORWRR
                 	OR   R@0,R@2
                 	OR   R@1,R@3
                 	.ENDM
                 
                 	.MACRO __EORWRR
                 	EOR  R@0,R@2
                 	EOR  R@1,R@3
                 	.ENDM
                 
                 	.MACRO __GETWRS
                 	LDD  R@0,Y+@2
                 	LDD  R@1,Y+@2+1
                 	.ENDM
                 
                 	.MACRO __PUTBSR
                 	STD  Y+@1,R@0
                 	.ENDM
                 
                 	.MACRO __PUTWSR
                 	STD  Y+@2,R@0
                 	STD  Y+@2+1,R@1
                 	.ENDM
                 
                 	.MACRO __MOVEWRR
                 	MOV  R@0,R@2
                 	MOV  R@1,R@3
                 	.ENDM
                 
                 	.MACRO __INWR
                 	IN   R@0,@2
                 	IN   R@1,@2+1
                 	.ENDM
                 
                 	.MACRO __OUTWR
                 	OUT  @2+1,R@1
                 	OUT  @2,R@0
                 	.ENDM
                 
                 	.MACRO __CALL1MN
                 	LDS  R30,@0+(@1)
                 	LDS  R31,@0+(@1)+1
                 	ICALL
                 	.ENDM
                 
                 	.MACRO __CALL1FN
                 	LDI  R30,LOW(2*@0+(@1))
                 	LDI  R31,HIGH(2*@0+(@1))
                 	CALL __GETW1PF
                 	ICALL
                 	.ENDM
                 
                 	.MACRO __CALL2EN
                 	LDI  R26,LOW(@0+(@1))
                 	LDI  R27,HIGH(@0+(@1))
                 	CALL __EEPROMRDW
                 	ICALL
                 	.ENDM
                 
                 	.MACRO __GETW1STACK
                 	IN   R26,SPL
                 	IN   R27,SPH
                 	ADIW R26,@0+1
                 	LD   R30,X+
                 	LD   R31,X
                 	.ENDM
                 
                 	.MACRO __GETD1STACK
                 	IN   R26,SPL
                 	IN   R27,SPH
                 	ADIW R26,@0+1
                 	LD   R30,X+
                 	LD   R31,X+
                 	LD   R22,X
                 	.ENDM
                 
                 	.MACRO __NBST
                 	BST  R@0,@1
                 	IN   R30,SREG
                 	LDI  R31,0x40
                 	EOR  R30,R31
                 	OUT  SREG,R30
                 	.ENDM
                 
                 
                 	.MACRO __PUTB1SN
                 	LDD  R26,Y+@0
                 	LDD  R27,Y+@0+1
                 	SUBI R26,LOW(-@1)
                 	SBCI R27,HIGH(-@1)
                 	ST   X,R30
                 	.ENDM
                 
                 	.MACRO __PUTW1SN
                 	LDD  R26,Y+@0
                 	LDD  R27,Y+@0+1
                 	SUBI R26,LOW(-@1)
                 	SBCI R27,HIGH(-@1)
                 	ST   X+,R30
                 	ST   X,R31
                 	.ENDM
                 
                 	.MACRO __PUTD1SN
                 	LDD  R26,Y+@0
                 	LDD  R27,Y+@0+1
                 	SUBI R26,LOW(-@1)
                 	SBCI R27,HIGH(-@1)
                 	CALL __PUTDP1
                 	.ENDM
                 
                 	.MACRO __PUTB1SNS
                 	LDD  R26,Y+@0
                 	LDD  R27,Y+@0+1
                 	ADIW R26,@1
                 	ST   X,R30
                 	.ENDM
                 
                 	.MACRO __PUTW1SNS
                 	LDD  R26,Y+@0
                 	LDD  R27,Y+@0+1
                 	ADIW R26,@1
                 	ST   X+,R30
                 	ST   X,R31
                 	.ENDM
                 
                 	.MACRO __PUTD1SNS
                 	LDD  R26,Y+@0
                 	LDD  R27,Y+@0+1
                 	ADIW R26,@1
                 	CALL __PUTDP1
                 	.ENDM
                 
                 	.MACRO __PUTB1PMN
                 	LDS  R26,@0
                 	LDS  R27,@0+1
                 	SUBI R26,LOW(-@1)
                 	SBCI R27,HIGH(-@1)
                 	ST   X,R30
                 	.ENDM
                 
                 	.MACRO __PUTW1PMN
                 	LDS  R26,@0
                 	LDS  R27,@0+1
                 	SUBI R26,LOW(-@1)
                 	SBCI R27,HIGH(-@1)
                 	ST   X+,R30
                 	ST   X,R31
                 	.ENDM
                 
                 	.MACRO __PUTD1PMN
                 	LDS  R26,@0
                 	LDS  R27,@0+1
                 	SUBI R26,LOW(-@1)
                 	SBCI R27,HIGH(-@1)
                 	CALL __PUTDP1
                 	.ENDM
                 
                 	.MACRO __PUTB1PMNS
                 	LDS  R26,@0
                 	LDS  R27,@0+1
                 	ADIW R26,@1
                 	ST   X,R30
                 	.ENDM
                 
                 	.MACRO __PUTW1PMNS
                 	LDS  R26,@0
                 	LDS  R27,@0+1
                 	ADIW R26,@1
                 	ST   X+,R30
                 	ST   X,R31
                 	.ENDM
                 
                 	.MACRO __PUTD1PMNS
                 	LDS  R26,@0
                 	LDS  R27,@0+1
                 	ADIW R26,@1
                 	CALL __PUTDP1
                 	.ENDM
                 
                 	.MACRO __PUTB1RN
                 	MOVW R26,R@0
                 	SUBI R26,LOW(-@1)
                 	SBCI R27,HIGH(-@1)
                 	ST   X,R30
                 	.ENDM
                 
                 	.MACRO __PUTW1RN
                 	MOVW R26,R@0
                 	SUBI R26,LOW(-@1)
                 	SBCI R27,HIGH(-@1)
                 	ST   X+,R30
                 	ST   X,R31
                 	.ENDM
                 
                 	.MACRO __PUTD1RN
                 	MOVW R26,R@0
                 	SUBI R26,LOW(-@1)
                 	SBCI R27,HIGH(-@1)
                 	CALL __PUTDP1
                 	.ENDM
                 
                 	.MACRO __PUTB1RNS
                 	MOVW R26,R@0
                 	ADIW R26,@1
                 	ST   X,R30
                 	.ENDM
                 
                 	.MACRO __PUTW1RNS
                 	MOVW R26,R@0
                 	ADIW R26,@1
                 	ST   X+,R30
                 	ST   X,R31
                 	.ENDM
                 
                 	.MACRO __PUTD1RNS
                 	MOVW R26,R@0
                 	ADIW R26,@1
                 	CALL __PUTDP1
                 	.ENDM
                 
                 	.MACRO __PUTB1RON
                 	MOV  R26,R@0
                 	MOV  R27,R@1
                 	SUBI R26,LOW(-@2)
                 	SBCI R27,HIGH(-@2)
                 	ST   X,R30
                 	.ENDM
                 
                 	.MACRO __PUTW1RON
                 	MOV  R26,R@0
                 	MOV  R27,R@1
                 	SUBI R26,LOW(-@2)
                 	SBCI R27,HIGH(-@2)
                 	ST   X+,R30
                 	ST   X,R31
                 	.ENDM
                 
                 	.MACRO __PUTD1RON
                 	MOV  R26,R@0
                 	MOV  R27,R@1
                 	SUBI R26,LOW(-@2)
                 	SBCI R27,HIGH(-@2)
                 	CALL __PUTDP1
                 	.ENDM
                 
                 	.MACRO __PUTB1RONS
                 	MOV  R26,R@0
                 	MOV  R27,R@1
                 	ADIW R26,@2
                 	ST   X,R30
                 	.ENDM
                 
                 	.MACRO __PUTW1RONS
                 	MOV  R26,R@0
                 	MOV  R27,R@1
                 	ADIW R26,@2
                 	ST   X+,R30
                 	ST   X,R31
                 	.ENDM
                 
                 	.MACRO __PUTD1RONS
                 	MOV  R26,R@0
                 	MOV  R27,R@1
                 	ADIW R26,@2
                 	CALL __PUTDP1
                 	.ENDM
                 
                 
                 	.MACRO __GETB1SX
                 	MOVW R30,R28
                 	SUBI R30,LOW(-@0)
                 	SBCI R31,HIGH(-@0)
                 	LD   R30,Z
                 	.ENDM
                 
                 	.MACRO __GETB1HSX
                 	MOVW R30,R28
                 	SUBI R30,LOW(-@0)
                 	SBCI R31,HIGH(-@0)
                 	LD   R31,Z
                 	.ENDM
                 
                 	.MACRO __GETW1SX
                 	MOVW R30,R28
                 	SUBI R30,LOW(-@0)
                 	SBCI R31,HIGH(-@0)
                 	LD   R0,Z+
                 	LD   R31,Z
                 	MOV  R30,R0
                 	.ENDM
                 
                 	.MACRO __GETD1SX
                 	MOVW R30,R28
                 	SUBI R30,LOW(-@0)
                 	SBCI R31,HIGH(-@0)
                 	LD   R0,Z+
                 	LD   R1,Z+
                 	LD   R22,Z+
                 	LD   R23,Z
                 	MOVW R30,R0
                 	.ENDM
                 
                 	.MACRO __GETB2SX
                 	MOVW R26,R28
                 	SUBI R26,LOW(-@0)
                 	SBCI R27,HIGH(-@0)
                 	LD   R26,X
                 	.ENDM
                 
                 	.MACRO __GETW2SX
                 	MOVW R26,R28
                 	SUBI R26,LOW(-@0)
                 	SBCI R27,HIGH(-@0)
                 	LD   R0,X+
                 	LD   R27,X
                 	MOV  R26,R0
                 	.ENDM
                 
                 	.MACRO __GETD2SX
                 	MOVW R26,R28
                 	SUBI R26,LOW(-@0)
                 	SBCI R27,HIGH(-@0)
                 	LD   R0,X+
                 	LD   R1,X+
                 	LD   R24,X+
                 	LD   R25,X
                 	MOVW R26,R0
                 	.ENDM
                 
                 	.MACRO __GETBRSX
                 	MOVW R30,R28
                 	SUBI R30,LOW(-@1)
                 	SBCI R31,HIGH(-@1)
                 	LD   R@0,Z
                 	.ENDM
                 
                 	.MACRO __GETWRSX
                 	MOVW R30,R28
                 	SUBI R30,LOW(-@2)
                 	SBCI R31,HIGH(-@2)
                 	LD   R@0,Z+
                 	LD   R@1,Z
                 	.ENDM
                 
                 	.MACRO __GETBRSX2
                 	MOVW R26,R28
                 	SUBI R26,LOW(-@1)
                 	SBCI R27,HIGH(-@1)
                 	LD   R@0,X
                 	.ENDM
                 
                 	.MACRO __GETWRSX2
                 	MOVW R26,R28
                 	SUBI R26,LOW(-@2)
                 	SBCI R27,HIGH(-@2)
                 	LD   R@0,X+
                 	LD   R@1,X
                 	.ENDM
                 
                 	.MACRO __LSLW8SX
                 	MOVW R30,R28
                 	SUBI R30,LOW(-@0)
                 	SBCI R31,HIGH(-@0)
                 	LD   R31,Z
                 	CLR  R30
                 	.ENDM
                 
                 	.MACRO __PUTB1SX
                 	MOVW R26,R28
                 	SUBI R26,LOW(-@0)
                 	SBCI R27,HIGH(-@0)
                 	ST   X,R30
                 	.ENDM
                 
                 	.MACRO __PUTW1SX
                 	MOVW R26,R28
                 	SUBI R26,LOW(-@0)
                 	SBCI R27,HIGH(-@0)
                 	ST   X+,R30
                 	ST   X,R31
                 	.ENDM
                 
                 	.MACRO __PUTD1SX
                 	MOVW R26,R28
                 	SUBI R26,LOW(-@0)
                 	SBCI R27,HIGH(-@0)
                 	ST   X+,R30
                 	ST   X+,R31
                 	ST   X+,R22
                 	ST   X,R23
                 	.ENDM
                 
                 	.MACRO __CLRW1SX
                 	MOVW R26,R28
                 	SUBI R26,LOW(-@0)
                 	SBCI R27,HIGH(-@0)
                 	ST   X+,R30
                 	ST   X,R30
                 	.ENDM
                 
                 	.MACRO __CLRD1SX
                 	MOVW R26,R28
                 	SUBI R26,LOW(-@0)
                 	SBCI R27,HIGH(-@0)
                 	ST   X+,R30
                 	ST   X+,R30
                 	ST   X+,R30
                 	ST   X,R30
                 	.ENDM
                 
                 	.MACRO __PUTB2SX
                 	MOVW R30,R28
                 	SUBI R30,LOW(-@0)
                 	SBCI R31,HIGH(-@0)
                 	ST   Z,R26
                 	.ENDM
                 
                 	.MACRO __PUTW2SX
                 	MOVW R30,R28
                 	SUBI R30,LOW(-@0)
                 	SBCI R31,HIGH(-@0)
                 	ST   Z+,R26
                 	ST   Z,R27
                 	.ENDM
                 
                 	.MACRO __PUTD2SX
                 	MOVW R30,R28
                 	SUBI R30,LOW(-@0)
                 	SBCI R31,HIGH(-@0)
                 	ST   Z+,R26
                 	ST   Z+,R27
                 	ST   Z+,R24
                 	ST   Z,R25
                 	.ENDM
                 
                 	.MACRO __PUTBSRX
                 	MOVW R30,R28
                 	SUBI R30,LOW(-@1)
                 	SBCI R31,HIGH(-@1)
                 	ST   Z,R@0
                 	.ENDM
                 
                 	.MACRO __PUTWSRX
                 	MOVW R30,R28
                 	SUBI R30,LOW(-@2)
                 	SBCI R31,HIGH(-@2)
                 	ST   Z+,R@0
                 	ST   Z,R@1
                 	.ENDM
                 
                 	.MACRO __PUTB1SNX
                 	MOVW R26,R28
                 	SUBI R26,LOW(-@0)
                 	SBCI R27,HIGH(-@0)
                 	LD   R0,X+
                 	LD   R27,X
                 	MOV  R26,R0
                 	SUBI R26,LOW(-@1)
                 	SBCI R27,HIGH(-@1)
                 	ST   X,R30
                 	.ENDM
                 
                 	.MACRO __PUTW1SNX
                 	MOVW R26,R28
                 	SUBI R26,LOW(-@0)
                 	SBCI R27,HIGH(-@0)
                 	LD   R0,X+
                 	LD   R27,X
                 	MOV  R26,R0
                 	SUBI R26,LOW(-@1)
                 	SBCI R27,HIGH(-@1)
                 	ST   X+,R30
                 	ST   X,R31
                 	.ENDM
                 
                 	.MACRO __PUTD1SNX
                 	MOVW R26,R28
                 	SUBI R26,LOW(-@0)
                 	SBCI R27,HIGH(-@0)
                 	LD   R0,X+
                 	LD   R27,X
                 	MOV  R26,R0
                 	SUBI R26,LOW(-@1)
                 	SBCI R27,HIGH(-@1)
                 	ST   X+,R30
                 	ST   X+,R31
                 	ST   X+,R22
                 	ST   X,R23
                 	.ENDM
                 
                 	.MACRO __MULBRR
                 	MULS R@0,R@1
                 	MOVW R30,R0
                 	.ENDM
                 
                 	.MACRO __MULBRRU
                 	MUL  R@0,R@1
                 	MOVW R30,R0
                 	.ENDM
                 
                 	.MACRO __MULBRR0
                 	MULS R@0,R@1
                 	.ENDM
                 
                 	.MACRO __MULBRRU0
                 	MUL  R@0,R@1
                 	.ENDM
                 
                 	.MACRO __MULBNWRU
                 	LDI  R26,@2
                 	MUL  R26,R@0
                 	MOVW R30,R0
                 	MUL  R26,R@1
                 	ADD  R31,R0
                 	.ENDM
                 
                 ;NAME DEFINITIONS FOR GLOBAL VARIABLES ALLOCATED TO REGISTERS
                 	.DEF __lcd_x=R5
                 	.DEF __lcd_y=R4
                 	.DEF __lcd_maxx=R7
                 
                 	.CSEG
                 	.ORG 0x00
                 
                 ;START OF CODE MARKER
                 __START_OF_CODE:
                 
                 ;INTERRUPT VECTORS
000000 940c 0042 	JMP  __RESET
000002 940c 0000 	JMP  0x00
000004 940c 0000 	JMP  0x00
000006 940c 0000 	JMP  0x00
000008 940c 0000 	JMP  0x00
00000a 940c 0000 	JMP  0x00
00000c 940c 0000 	JMP  0x00
00000e 940c 0000 	JMP  0x00
000010 940c 0000 	JMP  0x00
000012 940c 0000 	JMP  0x00
000014 940c 0000 	JMP  0x00
000016 940c 0000 	JMP  0x00
000018 940c 0000 	JMP  0x00
00001a 940c 0000 	JMP  0x00
00001c 940c 0000 	JMP  0x00
00001e 940c 0000 	JMP  0x00
000020 940c 0000 	JMP  0x00
000022 940c 0000 	JMP  0x00
000024 940c 0000 	JMP  0x00
000026 940c 0000 	JMP  0x00
000028 940c 0000 	JMP  0x00
                 
                 _0x0:
00002a 5442
00002b 204c
00002c 4c44
00002d 4454      	.DB  0x42,0x54,0x4C,0x20,0x44,0x4C,0x54,0x44
00002e 4b44
00002f 4200
000030 3a59
000031 5320      	.DB  0x44,0x4B,0x0,0x42,0x59,0x3A,0x20,0x53
000032 4e43
000033 2054
000034 5247
000035 554f      	.DB  0x43,0x4E,0x54,0x20,0x47,0x52,0x4F,0x55
000036 0050      	.DB  0x50,0x0
                 _0x2000003:
000037 c080      	.DB  0x80,0xC0
                 
                 __GLOBAL_INI_TBL:
000038 000b      	.DW  0x0B
000039 0160      	.DW  _0x3
00003a 0054      	.DW  _0x0*2
                 
00003b 000f      	.DW  0x0F
00003c 016b      	.DW  _0x3+11
00003d 005f      	.DW  _0x0*2+11
                 
00003e 0002      	.DW  0x02
00003f 017a      	.DW  __base_y_G100
000040 006e      	.DW  _0x2000003*2
                 
                 _0xFFFFFFFF:
000041 0000      	.DW  0
                 
                 __RESET:
000042 94f8      	CLI
000043 27ee      	CLR  R30
000044 bbec      	OUT  EECR,R30
                 
                 ;INTERRUPT VECTORS ARE PLACED
                 ;AT THE START OF FLASH
000045 e0f1      	LDI  R31,1
000046 bffb      	OUT  GICR,R31
000047 bfeb      	OUT  GICR,R30
000048 bfe5      	OUT  MCUCR,R30
                 
                 ;DISABLE WATCHDOG
000049 e1f8      	LDI  R31,0x18
00004a bdf1      	OUT  WDTCR,R31
00004b bde1      	OUT  WDTCR,R30
                 
                 ;CLEAR R2-R14
00004c e08d      	LDI  R24,(14-2)+1
00004d e0a2      	LDI  R26,2
00004e 27bb      	CLR  R27
                 __CLEAR_REG:
00004f 93ed      	ST   X+,R30
000050 958a      	DEC  R24
000051 f7e9      	BRNE __CLEAR_REG
                 
                 ;CLEAR SRAM
000052 e080      	LDI  R24,LOW(__CLEAR_SRAM_SIZE)
000053 e094      	LDI  R25,HIGH(__CLEAR_SRAM_SIZE)
000054 e6a0      	LDI  R26,__SRAM_START
                 __CLEAR_SRAM:
000055 93ed      	ST   X+,R30
000056 9701      	SBIW R24,1
000057 f7e9      	BRNE __CLEAR_SRAM
                 
                 ;GLOBAL VARIABLES INITIALIZATION
000058 e7e0      	LDI  R30,LOW(__GLOBAL_INI_TBL*2)
000059 e0f0      	LDI  R31,HIGH(__GLOBAL_INI_TBL*2)
                 __GLOBAL_INI_NEXT:
00005a 9185      	LPM  R24,Z+
00005b 9195      	LPM  R25,Z+
00005c 9700      	SBIW R24,0
00005d f061      	BREQ __GLOBAL_INI_END
00005e 91a5      	LPM  R26,Z+
00005f 91b5      	LPM  R27,Z+
000060 9005      	LPM  R0,Z+
000061 9015      	LPM  R1,Z+
000062 01bf      	MOVW R22,R30
000063 01f0      	MOVW R30,R0
                 __GLOBAL_INI_LOOP:
000064 9005      	LPM  R0,Z+
000065 920d      	ST   X+,R0
000066 9701      	SBIW R24,1
000067 f7e1      	BRNE __GLOBAL_INI_LOOP
000068 01fb      	MOVW R30,R22
000069 cff0      	RJMP __GLOBAL_INI_NEXT
                 __GLOBAL_INI_END:
                 
                 ;HARDWARE STACK POINTER INITIALIZATION
00006a e5ef      	LDI  R30,LOW(__SRAM_END-__HEAP_SIZE)
00006b bfed      	OUT  SPL,R30
00006c e0e4      	LDI  R30,HIGH(__SRAM_END-__HEAP_SIZE)
00006d bfee      	OUT  SPH,R30
                 
                 ;DATA STACK POINTER INITIALIZATION
00006e e6c0      	LDI  R28,LOW(__SRAM_START+__DSTACK_SIZE)
00006f e0d1      	LDI  R29,HIGH(__SRAM_START+__DSTACK_SIZE)
                 
000070 940c 0072 	JMP  _main
                 
                 	.ESEG
                 	.ORG 0
                 
                 	.DSEG
                 	.ORG 0x160
                 
                 	.CSEG
                 ;/*****************************************************
                 ;This program was produced by the
                 ;CodeWizardAVR V2.05.0 Professional
                 ;Automatic Program Generator
                 ;© Copyright 1998-2010 Pavel Haiduc, HP InfoTech s.r.l.
                 ;http://www.hpinfotech.com
                 ;
                 ;Project :
                 ;Version :
                 ;Date    : 25-Apr-2013
                 ;Author  : NeVaDa
                 ;Company :
                 ;Comments:
                 ;
                 ;
                 ;Chip type               : ATmega16
                 ;Program type            : Application
                 ;AVR Core Clock frequency: 8.000000 MHz
                 ;Memory model            : Small
                 ;External RAM size       : 0
                 ;Data Stack size         : 256
                 ;*****************************************************/
                 ;
                 ;#include <mega16.h>
                 	#ifndef __SLEEP_DEFINED__
                 	#define __SLEEP_DEFINED__
                 	.EQU __se_bit=0x40
                 	.EQU __sm_mask=0xB0
                 	.EQU __sm_powerdown=0x20
                 	.EQU __sm_powersave=0x30
                 	.EQU __sm_standby=0xA0
                 	.EQU __sm_ext_standby=0xB0
                 	.EQU __sm_adc_noise_red=0x10
                 	.SET power_ctrl_reg=mcucr
                 	#endif
                 ;#include <delay.h>
                 ;#include <alcd.h>
                 ;
                 ;// Declare your global variables here
                 ;
                 ;void main(void)
                 ; 0000 001F {
                 
                 	.CSEG
                 _main:
                 ; 0000 0020 // Declare your local variables here
                 ; 0000 0021 
                 ; 0000 0022 // Input/Output Ports initialization
                 ; 0000 0023 // Port A initialization
                 ; 0000 0024 // Func7=In Func6=In Func5=In Func4=In Func3=In Func2=In Func1=In Func0=In
                 ; 0000 0025 // State7=T State6=T State5=T State4=T State3=T State2=T State1=T State0=T
                 ; 0000 0026 PORTA=0x00;
000072 e0e0      	LDI  R30,LOW(0)
000073 bbeb      	OUT  0x1B,R30
                 ; 0000 0027 DDRA=0x00;
000074 bbea      	OUT  0x1A,R30
                 ; 0000 0028 
                 ; 0000 0029 // Port B initialization
                 ; 0000 002A // Func7=In Func6=In Func5=In Func4=In Func3=In Func2=In Func1=In Func0=In
                 ; 0000 002B // State7=T State6=T State5=T State4=T State3=T State2=T State1=T State0=T
                 ; 0000 002C PORTB=0x00;
000075 bbe8      	OUT  0x18,R30
                 ; 0000 002D DDRB=0x00;
000076 bbe7      	OUT  0x17,R30
                 ; 0000 002E 
                 ; 0000 002F // Port C initialization
                 ; 0000 0030 // Func7=In Func6=In Func5=In Func4=In Func3=In Func2=In Func1=In Func0=In
                 ; 0000 0031 // State7=T State6=T State5=T State4=T State3=T State2=T State1=T State0=T
                 ; 0000 0032 PORTC=0x00;
000077 bbe5      	OUT  0x15,R30
                 ; 0000 0033 DDRC=0x00;
000078 bbe4      	OUT  0x14,R30
                 ; 0000 0034 
                 ; 0000 0035 // Port D initialization
                 ; 0000 0036 // Func7=In Func6=In Func5=In Func4=In Func3=In Func2=In Func1=In Func0=In
                 ; 0000 0037 // State7=T State6=T State5=T State4=T State3=T State2=T State1=T State0=T
                 ; 0000 0038 PORTD=0x00;
000079 bbe2      	OUT  0x12,R30
                 ; 0000 0039 DDRD=0xFF;
00007a efef      	LDI  R30,LOW(255)
00007b bbe1      	OUT  0x11,R30
                 ; 0000 003A 
                 ; 0000 003B // Timer/Counter 0 initialization
                 ; 0000 003C // Clock source: System Clock
                 ; 0000 003D // Clock value: Timer 0 Stopped
                 ; 0000 003E // Mode: Normal top=0xFF
                 ; 0000 003F // OC0 output: Disconnected
                 ; 0000 0040 TCCR0=0x00;
00007c e0e0      	LDI  R30,LOW(0)
00007d bfe3      	OUT  0x33,R30
                 ; 0000 0041 TCNT0=0x00;
00007e bfe2      	OUT  0x32,R30
                 ; 0000 0042 OCR0=0x00;
00007f bfec      	OUT  0x3C,R30
                 ; 0000 0043 
                 ; 0000 0044 // Timer/Counter 1 initialization
                 ; 0000 0045 // Clock source: System Clock
                 ; 0000 0046 // Clock value: Timer1 Stopped
                 ; 0000 0047 // Mode: Normal top=0xFFFF
                 ; 0000 0048 // OC1A output: Discon.
                 ; 0000 0049 // OC1B output: Discon.
                 ; 0000 004A // Noise Canceler: Off
                 ; 0000 004B // Input Capture on Falling Edge
                 ; 0000 004C // Timer1 Overflow Interrupt: Off
                 ; 0000 004D // Input Capture Interrupt: Off
                 ; 0000 004E // Compare A Match Interrupt: Off
                 ; 0000 004F // Compare B Match Interrupt: Off
                 ; 0000 0050 TCCR1A=0x00;
000080 bdef      	OUT  0x2F,R30
                 ; 0000 0051 TCCR1B=0x00;
000081 bdee      	OUT  0x2E,R30
                 ; 0000 0052 TCNT1H=0x00;
000082 bded      	OUT  0x2D,R30
                 ; 0000 0053 TCNT1L=0x00;
000083 bdec      	OUT  0x2C,R30
                 ; 0000 0054 ICR1H=0x00;
000084 bde7      	OUT  0x27,R30
                 ; 0000 0055 ICR1L=0x00;
000085 bde6      	OUT  0x26,R30
                 ; 0000 0056 OCR1AH=0x00;
000086 bdeb      	OUT  0x2B,R30
                 ; 0000 0057 OCR1AL=0x00;
000087 bdea      	OUT  0x2A,R30
                 ; 0000 0058 OCR1BH=0x00;
000088 bde9      	OUT  0x29,R30
                 ; 0000 0059 OCR1BL=0x00;
000089 bde8      	OUT  0x28,R30
                 ; 0000 005A 
                 ; 0000 005B // Timer/Counter 2 initialization
                 ; 0000 005C // Clock source: System Clock
                 ; 0000 005D // Clock value: Timer2 Stopped
                 ; 0000 005E // Mode: Normal top=0xFF
                 ; 0000 005F // OC2 output: Disconnected
                 ; 0000 0060 ASSR=0x00;
00008a bde2      	OUT  0x22,R30
                 ; 0000 0061 TCCR2=0x00;
00008b bde5      	OUT  0x25,R30
                 ; 0000 0062 TCNT2=0x00;
00008c bde4      	OUT  0x24,R30
                 ; 0000 0063 OCR2=0x00;
00008d bde3      	OUT  0x23,R30
                 ; 0000 0064 
                 ; 0000 0065 // External Interrupt(s) initialization
                 ; 0000 0066 // INT0: Off
                 ; 0000 0067 // INT1: Off
                 ; 0000 0068 // INT2: Off
                 ; 0000 0069 MCUCR=0x00;
00008e bfe5      	OUT  0x35,R30
                 ; 0000 006A MCUCSR=0x00;
00008f bfe4      	OUT  0x34,R30
                 ; 0000 006B 
                 ; 0000 006C // Timer(s)/Counter(s) Interrupt(s) initialization
                 ; 0000 006D TIMSK=0x00;
000090 bfe9      	OUT  0x39,R30
                 ; 0000 006E 
                 ; 0000 006F // USART initialization
                 ; 0000 0070 // USART disabled
                 ; 0000 0071 UCSRB=0x00;
000091 b9ea      	OUT  0xA,R30
                 ; 0000 0072 
                 ; 0000 0073 // Analog Comparator initialization
                 ; 0000 0074 // Analog Comparator: Off
                 ; 0000 0075 // Analog Comparator Input Capture by Timer/Counter 1: Off
                 ; 0000 0076 ACSR=0x80;
000092 e8e0      	LDI  R30,LOW(128)
000093 b9e8      	OUT  0x8,R30
                 ; 0000 0077 SFIOR=0x00;
000094 e0e0      	LDI  R30,LOW(0)
000095 bfe0      	OUT  0x30,R30
                 ; 0000 0078 
                 ; 0000 0079 // ADC initialization
                 ; 0000 007A // ADC disabled
                 ; 0000 007B ADCSRA=0x00;
000096 b9e6      	OUT  0x6,R30
                 ; 0000 007C 
                 ; 0000 007D // SPI initialization
                 ; 0000 007E // SPI disabled
                 ; 0000 007F SPCR=0x00;
000097 b9ed      	OUT  0xD,R30
                 ; 0000 0080 
                 ; 0000 0081 // TWI initialization
                 ; 0000 0082 // TWI disabled
                 ; 0000 0083 TWCR=0x00;
000098 bfe6      	OUT  0x36,R30
                 ; 0000 0084     // khoi tao LCD
                 ; 0000 0085     lcd_init(16);
000099 e1e0      	LDI  R30,LOW(16)
00009a 93ea      	ST   -Y,R30
00009b d087      	RCALL _lcd_init
                 ; 0000 0086     lcd_clear();
00009c d057      	RCALL _lcd_clear
                 ; 0000 0087 
                 ; 0000 0088     lcd_gotoxy(0,0);
00009d e0e0      	LDI  R30,LOW(0)
00009e 93ea      	ST   -Y,R30
00009f 93ea      	ST   -Y,R30
0000a0 d046      	RCALL _lcd_gotoxy
                 ; 0000 0089     lcd_puts("BTL DLTDDK");
                +
0000a1 e6e0     +LDI R30 , LOW ( _0x3 + ( 0 ) )
0000a2 e0f1     +LDI R31 , HIGH ( _0x3 + ( 0 ) )
                 	__POINTW1MN _0x3,0
0000a3 93fa      	ST   -Y,R31
0000a4 93ea      	ST   -Y,R30
0000a5 d06e      	RCALL _lcd_puts
                 ; 0000 008A     lcd_gotoxy(0,1);
0000a6 e0e0      	LDI  R30,LOW(0)
0000a7 93ea      	ST   -Y,R30
0000a8 e0e1      	LDI  R30,LOW(1)
0000a9 93ea      	ST   -Y,R30
0000aa d03c      	RCALL _lcd_gotoxy
                 ; 0000 008B     lcd_puts("BY: SCNT GROUP");
                +
0000ab e6eb     +LDI R30 , LOW ( _0x3 + ( 11 ) )
0000ac e0f1     +LDI R31 , HIGH ( _0x3 + ( 11 ) )
                 	__POINTW1MN _0x3,11
0000ad 93fa      	ST   -Y,R31
0000ae 93ea      	ST   -Y,R30
0000af d064      	RCALL _lcd_puts
                 ; 0000 008C while (1)
                 _0x4:
                 ; 0000 008D       {
                 ; 0000 008E       // Place your code here
                 ; 0000 008F       PORTD = 0x30;
0000b0 e3e0      	LDI  R30,LOW(48)
0000b1 d0a3      	RCALL SUBOPT_0x0
                 ; 0000 0090       delay_ms(10000);
                 ; 0000 0091       PORTD = 0x28;
0000b2 e2e8      	LDI  R30,LOW(40)
0000b3 d0a1      	RCALL SUBOPT_0x0
                 ; 0000 0092       delay_ms(10000);
                 ; 0000 0093 
                 ; 0000 0094       }
0000b4 cffb      	RJMP _0x4
                 ; 0000 0095 }
                 _0x7:
0000b5 cfff      	RJMP _0x7
                 
                 	.DSEG
                 _0x3:
000160           	.BYTE 0x1A
                 	#ifndef __SLEEP_DEFINED__
                 	#endif
                 
                 	.DSEG
                 
                 	.CSEG
                 __lcd_write_nibble_G100:
0000b6 81e8      	LD   R30,Y
0000b7 71e0      	ANDI R30,LOW(0x10)
0000b8 f011      	BREQ _0x2000004
0000b9 9aac      	SBI  0x15,4
0000ba c001      	RJMP _0x2000005
                 _0x2000004:
0000bb 98ac      	CBI  0x15,4
                 _0x2000005:
0000bc 81e8      	LD   R30,Y
0000bd 72e0      	ANDI R30,LOW(0x20)
0000be f011      	BREQ _0x2000006
0000bf 9aad      	SBI  0x15,5
0000c0 c001      	RJMP _0x2000007
                 _0x2000006:
0000c1 98ad      	CBI  0x15,5
                 _0x2000007:
0000c2 81e8      	LD   R30,Y
0000c3 74e0      	ANDI R30,LOW(0x40)
0000c4 f011      	BREQ _0x2000008
0000c5 9aae      	SBI  0x15,6
0000c6 c001      	RJMP _0x2000009
                 _0x2000008:
0000c7 98ae      	CBI  0x15,6
                 _0x2000009:
0000c8 81e8      	LD   R30,Y
0000c9 78e0      	ANDI R30,LOW(0x80)
0000ca f011      	BREQ _0x200000A
0000cb 9aaf      	SBI  0x15,7
0000cc c001      	RJMP _0x200000B
                 _0x200000A:
0000cd 98af      	CBI  0x15,7
                 _0x200000B:
                +
0000ce e085     +LDI R24 , LOW ( 5 )
                +__DELAY_USB_LOOP :
0000cf 958a     +DEC R24
0000d0 f7f1     +BRNE __DELAY_USB_LOOP
                 	__DELAY_USB 5
0000d1 9aaa      	SBI  0x15,2
                +
0000d2 e08d     +LDI R24 , LOW ( 13 )
                +__DELAY_USB_LOOP :
0000d3 958a     +DEC R24
0000d4 f7f1     +BRNE __DELAY_USB_LOOP
                 	__DELAY_USB 13
0000d5 98aa      	CBI  0x15,2
                +
0000d6 e08d     +LDI R24 , LOW ( 13 )
                +__DELAY_USB_LOOP :
0000d7 958a     +DEC R24
0000d8 f7f1     +BRNE __DELAY_USB_LOOP
                 	__DELAY_USB 13
0000d9 c079      	RJMP _0x2020001
                 __lcd_write_data:
0000da 81e8      	LD   R30,Y
0000db 93ea      	ST   -Y,R30
0000dc dfd9      	RCALL __lcd_write_nibble_G100
0000dd 81e8          ld    r30,y
0000de 95e2          swap  r30
0000df 83e8          st    y,r30
0000e0 81e8      	LD   R30,Y
0000e1 93ea      	ST   -Y,R30
0000e2 dfd3      	RCALL __lcd_write_nibble_G100
                +
0000e3 e885     +LDI R24 , LOW ( 133 )
                +__DELAY_USB_LOOP :
0000e4 958a     +DEC R24
0000e5 f7f1     +BRNE __DELAY_USB_LOOP
                 	__DELAY_USB 133
0000e6 c06c      	RJMP _0x2020001
                 _lcd_gotoxy:
0000e7 81e8      	LD   R30,Y
0000e8 e0f0      	LDI  R31,0
0000e9 58e6      	SUBI R30,LOW(-__base_y_G100)
0000ea 4ffe      	SBCI R31,HIGH(-__base_y_G100)
0000eb 81e0      	LD   R30,Z
0000ec 81a9      	LDD  R26,Y+1
0000ed 0fea      	ADD  R30,R26
0000ee 93ea      	ST   -Y,R30
0000ef dfea      	RCALL __lcd_write_data
0000f0 8059      	LDD  R5,Y+1
0000f1 8048      	LDD  R4,Y+0
0000f2 9622      	ADIW R28,2
0000f3 9508      	RET
                 _lcd_clear:
0000f4 e0e2      	LDI  R30,LOW(2)
0000f5 d066      	RCALL SUBOPT_0x1
0000f6 e0ec      	LDI  R30,LOW(12)
0000f7 93ea      	ST   -Y,R30
0000f8 dfe1      	RCALL __lcd_write_data
0000f9 e0e1      	LDI  R30,LOW(1)
0000fa d061      	RCALL SUBOPT_0x1
0000fb e0e0      	LDI  R30,LOW(0)
0000fc 2e4e      	MOV  R4,R30
0000fd 2e5e      	MOV  R5,R30
0000fe 9508      	RET
                 _lcd_putchar:
0000ff 81a8      	LD   R26,Y
000100 30aa      	CPI  R26,LOW(0xA)
000101 f011      	BREQ _0x2000011
000102 1457      	CP   R5,R7
000103 f048      	BRLO _0x2000010
                 _0x2000011:
000104 e0e0      	LDI  R30,LOW(0)
000105 93ea      	ST   -Y,R30
000106 9443      	INC  R4
000107 924a      	ST   -Y,R4
000108 dfde      	RCALL _lcd_gotoxy
000109 81a8      	LD   R26,Y
00010a 30aa      	CPI  R26,LOW(0xA)
00010b f409      	BRNE _0x2000013
00010c c046      	RJMP _0x2020001
                 _0x2000013:
                 _0x2000010:
00010d 9453      	INC  R5
00010e 9aa8      	SBI  0x15,0
00010f 81e8      	LD   R30,Y
000110 93ea      	ST   -Y,R30
000111 dfc8      	RCALL __lcd_write_data
000112 98a8      	CBI  0x15,0
000113 c03f      	RJMP _0x2020001
                 _lcd_puts:
000114 931a      	ST   -Y,R17
                 _0x2000014:
000115 81a9      	LDD  R26,Y+1
000116 81ba      	LDD  R27,Y+1+1
000117 91ed      	LD   R30,X+
000118 83a9      	STD  Y+1,R26
000119 83ba      	STD  Y+1+1,R27
00011a 2f1e      	MOV  R17,R30
00011b 30e0      	CPI  R30,0
00011c f019      	BREQ _0x2000016
00011d 931a      	ST   -Y,R17
00011e dfe0      	RCALL _lcd_putchar
00011f cff5      	RJMP _0x2000014
                 _0x2000016:
000120 8118      	LDD  R17,Y+0
000121 9623      	ADIW R28,3
000122 9508      	RET
                 _lcd_init:
000123 9aa4      	SBI  0x14,4
000124 9aa5      	SBI  0x14,5
000125 9aa6      	SBI  0x14,6
000126 9aa7      	SBI  0x14,7
000127 9aa2      	SBI  0x14,2
000128 9aa0      	SBI  0x14,0
000129 9aa1      	SBI  0x14,1
00012a 98aa      	CBI  0x15,2
00012b 98a8      	CBI  0x15,0
00012c 98a9      	CBI  0x15,1
00012d 8078      	LDD  R7,Y+0
00012e 81e8      	LD   R30,Y
00012f 58e0      	SUBI R30,-LOW(128)
                +
000130 93e0 017c+STS __base_y_G100 + ( 2 ) , R30
                 	__PUTB1MN __base_y_G100,2
000132 81e8      	LD   R30,Y
000133 54e0      	SUBI R30,-LOW(192)
                +
000134 93e0 017d+STS __base_y_G100 + ( 3 ) , R30
                 	__PUTB1MN __base_y_G100,3
000136 e1e4      	LDI  R30,LOW(20)
000137 e0f0      	LDI  R31,HIGH(20)
000138 93fa      	ST   -Y,R31
000139 93ea      	ST   -Y,R30
00013a 940e 016c 	CALL _delay_ms
00013c d027      	RCALL SUBOPT_0x2
00013d d026      	RCALL SUBOPT_0x2
00013e d025      	RCALL SUBOPT_0x2
00013f e2e0      	LDI  R30,LOW(32)
000140 93ea      	ST   -Y,R30
000141 df74      	RCALL __lcd_write_nibble_G100
                +
000142 ec88     +LDI R24 , LOW ( 200 )
000143 e090     +LDI R25 , HIGH ( 200 )
                +__DELAY_USW_LOOP :
000144 9701     +SBIW R24 , 1
000145 f7f1     +BRNE __DELAY_USW_LOOP
                 	__DELAY_USW 200
000146 e2e8      	LDI  R30,LOW(40)
000147 93ea      	ST   -Y,R30
000148 df91      	RCALL __lcd_write_data
000149 e0e4      	LDI  R30,LOW(4)
00014a 93ea      	ST   -Y,R30
00014b df8e      	RCALL __lcd_write_data
00014c e8e5      	LDI  R30,LOW(133)
00014d 93ea      	ST   -Y,R30
00014e df8b      	RCALL __lcd_write_data
00014f e0e6      	LDI  R30,LOW(6)
000150 93ea      	ST   -Y,R30
000151 df88      	RCALL __lcd_write_data
000152 dfa1      	RCALL _lcd_clear
                 _0x2020001:
000153 9621      	ADIW R28,1
000154 9508      	RET
                 
                 	.DSEG
                 __base_y_G100:
00017a           	.BYTE 0x4
                 
                 	.CSEG
                 ;OPTIMIZER ADDED SUBROUTINE, CALLED 2 TIMES, CODE SIZE REDUCTION:2 WORDS
                 SUBOPT_0x0:
000155 bbe2      	OUT  0x12,R30
000156 e1e0      	LDI  R30,LOW(10000)
000157 e2f7      	LDI  R31,HIGH(10000)
000158 93fa      	ST   -Y,R31
000159 93ea      	ST   -Y,R30
00015a 940c 016c 	JMP  _delay_ms
                 
                 ;OPTIMIZER ADDED SUBROUTINE, CALLED 2 TIMES, CODE SIZE REDUCTION:4 WORDS
                 SUBOPT_0x1:
00015c 93ea      	ST   -Y,R30
00015d df7c      	RCALL __lcd_write_data
00015e e0e3      	LDI  R30,LOW(3)
00015f e0f0      	LDI  R31,HIGH(3)
000160 93fa      	ST   -Y,R31
000161 93ea      	ST   -Y,R30
000162 940c 016c 	JMP  _delay_ms
                 
                 ;OPTIMIZER ADDED SUBROUTINE, CALLED 3 TIMES, CODE SIZE REDUCTION:9 WORDS
                 SUBOPT_0x2:
000164 e3e0      	LDI  R30,LOW(48)
000165 93ea      	ST   -Y,R30
000166 df4f      	RCALL __lcd_write_nibble_G100
                +
000167 ec88     +LDI R24 , LOW ( 200 )
000168 e090     +LDI R25 , HIGH ( 200 )
                +__DELAY_USW_LOOP :
000169 9701     +SBIW R24 , 1
00016a f7f1     +BRNE __DELAY_USW_LOOP
                 	__DELAY_USW 200
00016b 9508      	RET
                 
                 
                 	.CSEG
                 _delay_ms:
00016c 91e9      	ld   r30,y+
00016d 91f9      	ld   r31,y+
00016e 9630      	adiw r30,0
00016f f039      	breq __delay_ms1
                 __delay_ms0:
                +
000170 ed80     +LDI R24 , LOW ( 0x7D0 )
000171 e097     +LDI R25 , HIGH ( 0x7D0 )
                +__DELAY_USW_LOOP :
000172 9701     +SBIW R24 , 1
000173 f7f1     +BRNE __DELAY_USW_LOOP
                 	__DELAY_USW 0x7D0
000174 95a8      	wdr
000175 9731      	sbiw r30,1
000176 f7c9      	brne __delay_ms0
                 __delay_ms1:
000177 9508      	ret
                 
                 ;END OF CODE MARKER
                 __END_OF_CODE:


RESOURCE USE INFORMATION
------------------------

Notice:
The register and instruction counts are symbol table hit counts,
and hence implicitly used resources are not counted, eg, the
'lpm' instruction without operands implicitly uses r0 and z,
none of which are counted.

x,y,z are separate entities in the symbol table and are
counted separately from r26..r31 here.

.dseg memory usage only counts static data declared with .byte

ATmega16 register use summary:
r0 :   4 r1 :   1 r2 :   0 r3 :   0 r4 :   4 r5 :   4 r6 :   0 r7 :   2 
r8 :   0 r9 :   0 r10:   0 r11:   0 r12:   0 r13:   0 r14:   0 r15:   0 
r16:   0 r17:   4 r18:   0 r19:   0 r20:   0 r21:   0 r22:   2 r23:   0 
r24:  21 r25:   5 r26:  11 r27:   4 r28:   4 r29:   1 r30: 132 r31:  18 
x  :   4 y  :  56 z  :   8 
Registers used: 18 out of 35 (51.4%)

ATmega16 instruction use summary:
.lds  :   0 .lds.l:   0 .sts  :   0 .sts.l:   0 adc   :   0 add   :   1 
adiw  :   4 and   :   0 andi  :   4 asr   :   0 bclr  :   0 bld   :   0 
brbc  :   0 brbs  :   0 brcc  :   0 brcs  :   0 break :   0 breq  :   8 
brge  :   0 brhc  :   0 brhs  :   0 brid  :   0 brie  :   0 brlo  :   1 
brlt  :   0 brmi  :   0 brne  :  12 brpl  :   0 brsh  :   0 brtc  :   0 
brts  :   0 brvc  :   0 brvs  :   0 bset  :   0 bst   :   0 call  :   1 
cbi   :   9 cbr   :   0 clc   :   0 clh   :   0 cli   :   1 cln   :   0 
clr   :   2 cls   :   0 clt   :   0 clv   :   0 clz   :   0 com   :   0 
cp    :   1 cpc   :   0 cpi   :   3 cpse  :   0 dec   :   5 des   :   0 
eor   :   0 fmul  :   0 fmuls :   0 fmulsu:   0 icall :   0 ijmp  :   0 
in    :   0 inc   :   2 jmp   :  24 ld    :  17 ldd   :   7 ldi   :  56 
lds   :   0 lpm   :   7 lsl   :   0 lsr   :   0 mov   :   3 movw  :   3 
mul   :   0 muls  :   0 mulsu :   0 neg   :   0 nop   :   0 or    :   0 
ori   :   0 out   :  43 pop   :   0 push  :   0 rcall :  28 ret   :   6 
reti  :   0 rjmp  :  12 rol   :   0 ror   :   0 sbc   :   0 sbci  :   1 
sbi   :  13 sbic  :   0 sbis  :   0 sbiw  :   7 sbr   :   0 sbrc  :   0 
sbrs  :   0 sec   :   0 seh   :   0 sei   :   0 sen   :   0 ser   :   0 
ses   :   0 set   :   0 sev   :   0 sez   :   0 sleep :   0 spm   :   0 
st    :  35 std   :   2 sts   :   2 sub   :   0 subi  :   3 swap  :   1 
tst   :   0 wdr   :   1 
Instructions used: 34 out of 116 (29.3%)

ATmega16 memory use summary [bytes]:
Segment   Begin    End      Code   Data   Used    Size   Use%
---------------------------------------------------------------
[.cseg] 0x000000 0x0002f0    704     48    752   16384   4.6%
[.dseg] 0x000060 0x00017e      0     30     30    1119   2.7%
[.eseg] 0x000000 0x000000      0      0      0     512   0.0%

Assembly complete, 0 errors, 3 warnings
